<?xml version="1.0" encoding="UTF-8"?>
<testsuite xmlns:xsi="http://www.w3.org/2001/XMLSchema-instance" xsi:noNamespaceSchemaLocation="https://maven.apache.org/surefire/maven-surefire-plugin/xsd/surefire-test-report-3.0.xsd" version="3.0" name="org.skidbladnir.contracts.ContractTests" time="3.946" tests="30" errors="0" skipped="0" failures="30">
  <properties>
[...]
</properties>
  <testcase name="[1.1:241] Zephyr provider error handling - Not Found" classname="org/skidbladnir/contracts/provider-error-handling" time="0.854">
    <failure type="org.opentest4j.AssertionFailedError"><![CDATA[org.opentest4j.AssertionFailedError: 
no step-definition method match found for: method <errorConfig.method>
classpath:org/skidbladnir/contracts/provider-error-handling.feature:232
]]></failure>
    <system-err><![CDATA[SLF4J: Failed to load class "org.slf4j.impl.StaticLoggerBinder".
SLF4J: Defaulting to no-operation (NOP) logger implementation
SLF4J: See http://www.slf4j.org/codes.html#StaticLoggerBinder for further details.
]]></system-err>
  </testcase>
  <testcase name="[1.2:242] Zephyr provider error handling - Validation" classname="org/skidbladnir/contracts/provider-error-handling" time="0.02">
    <failure type="org.opentest4j.AssertionFailedError"><![CDATA[org.opentest4j.AssertionFailedError: 
no step-definition method match found for: method <errorConfig.method>
classpath:org/skidbladnir/contracts/provider-error-handling.feature:232
]]></failure>
  </testcase>
  <testcase name="[1.3:243] Zephyr provider error handling - Authentication" classname="org/skidbladnir/contracts/provider-error-handling" time="0.02">
    <failure type="org.opentest4j.AssertionFailedError"><![CDATA[org.opentest4j.AssertionFailedError: 
no step-definition method match found for: method <errorConfig.method>
classpath:org/skidbladnir/contracts/provider-error-handling.feature:232
]]></failure>
  </testcase>
  <testcase name="[1.4:244] Zephyr provider error handling - Authorization" classname="org/skidbladnir/contracts/provider-error-handling" time="0.016">
    <failure type="org.opentest4j.AssertionFailedError"><![CDATA[org.opentest4j.AssertionFailedError: 
no step-definition method match found for: method <errorConfig.method>
classpath:org/skidbladnir/contracts/provider-error-handling.feature:232
]]></failure>
  </testcase>
  <testcase name="[1.5:245] Zephyr provider error handling - Server Error" classname="org/skidbladnir/contracts/provider-error-handling" time="0.013">
    <failure type="org.opentest4j.AssertionFailedError"><![CDATA[org.opentest4j.AssertionFailedError: 
no step-definition method match found for: method <errorConfig.method>
classpath:org/skidbladnir/contracts/provider-error-handling.feature:232
]]></failure>
  </testcase>
  <testcase name="[1.6:246] Zephyr provider error handling - Rate Limit" classname="org/skidbladnir/contracts/provider-error-handling" time="0.015">
    <failure type="org.opentest4j.AssertionFailedError"><![CDATA[org.opentest4j.AssertionFailedError: 
no step-definition method match found for: method <errorConfig.method>
classpath:org/skidbladnir/contracts/provider-error-handling.feature:232
]]></failure>
  </testcase>
  <testcase name="[1.7:247] Zephyr provider error handling - Timeout" classname="org/skidbladnir/contracts/provider-error-handling" time="0.013">
    <failure type="org.opentest4j.AssertionFailedError"><![CDATA[org.opentest4j.AssertionFailedError: 
no step-definition method match found for: method <errorConfig.method>
classpath:org/skidbladnir/contracts/provider-error-handling.feature:232
]]></failure>
  </testcase>
  <testcase name="[1.8:248] Zephyr provider error handling - Conflict" classname="org/skidbladnir/contracts/provider-error-handling" time="0.012">
    <failure type="org.opentest4j.AssertionFailedError"><![CDATA[org.opentest4j.AssertionFailedError: 
no step-definition method match found for: method <errorConfig.method>
classpath:org/skidbladnir/contracts/provider-error-handling.feature:232
]]></failure>
  </testcase>
  <testcase name="[1.9:249] Zephyr provider error handling - Unprocessable Entity" classname="org/skidbladnir/contracts/provider-error-handling" time="0.011">
    <failure type="org.opentest4j.AssertionFailedError"><![CDATA[org.opentest4j.AssertionFailedError: 
no step-definition method match found for: method <errorConfig.method>
classpath:org/skidbladnir/contracts/provider-error-handling.feature:232
]]></failure>
  </testcase>
  <testcase name="[1.10:250] Zephyr provider error handling - Batch Operation Errors" classname="org/skidbladnir/contracts/provider-error-handling" time="0.017">
    <failure type="org.opentest4j.AssertionFailedError"><![CDATA[org.opentest4j.AssertionFailedError: 
no step-definition method match found for: method <errorConfig.method>
classpath:org/skidbladnir/contracts/provider-error-handling.feature:232
]]></failure>
  </testcase>
  <testcase name="[2.1:268] qTest provider error handling - Not Found" classname="org/skidbladnir/contracts/provider-error-handling" time="0.01">
    <failure type="org.opentest4j.AssertionFailedError"><![CDATA[org.opentest4j.AssertionFailedError: 
no step-definition method match found for: method <errorConfig.method>
classpath:org/skidbladnir/contracts/provider-error-handling.feature:259
]]></failure>
  </testcase>
  <testcase name="[2.2:269] qTest provider error handling - Validation" classname="org/skidbladnir/contracts/provider-error-handling" time="0.011">
    <failure type="org.opentest4j.AssertionFailedError"><![CDATA[org.opentest4j.AssertionFailedError: 
no step-definition method match found for: method <errorConfig.method>
classpath:org/skidbladnir/contracts/provider-error-handling.feature:259
]]></failure>
  </testcase>
  <testcase name="[2.3:270] qTest provider error handling - Authentication" classname="org/skidbladnir/contracts/provider-error-handling" time="0.01">
    <failure type="org.opentest4j.AssertionFailedError"><![CDATA[org.opentest4j.AssertionFailedError: 
no step-definition method match found for: method <errorConfig.method>
classpath:org/skidbladnir/contracts/provider-error-handling.feature:259
]]></failure>
  </testcase>
  <testcase name="[2.4:271] qTest provider error handling - Authorization" classname="org/skidbladnir/contracts/provider-error-handling" time="0.01">
    <failure type="org.opentest4j.AssertionFailedError"><![CDATA[org.opentest4j.AssertionFailedError: 
no step-definition method match found for: method <errorConfig.method>
classpath:org/skidbladnir/contracts/provider-error-handling.feature:259
]]></failure>
  </testcase>
  <testcase name="[2.5:272] qTest provider error handling - Server Error" classname="org/skidbladnir/contracts/provider-error-handling" time="0.008">
    <failure type="org.opentest4j.AssertionFailedError"><![CDATA[org.opentest4j.AssertionFailedError: 
no step-definition method match found for: method <errorConfig.method>
classpath:org/skidbladnir/contracts/provider-error-handling.feature:259
]]></failure>
  </testcase>
  <testcase name="[2.6:273] qTest provider error handling - Rate Limit" classname="org/skidbladnir/contracts/provider-error-handling" time="0.009">
    <failure type="org.opentest4j.AssertionFailedError"><![CDATA[org.opentest4j.AssertionFailedError: 
no step-definition method match found for: method <errorConfig.method>
classpath:org/skidbladnir/contracts/provider-error-handling.feature:259
]]></failure>
  </testcase>
  <testcase name="[2.7:274] qTest provider error handling - Timeout" classname="org/skidbladnir/contracts/provider-error-handling" time="0.009">
    <failure type="org.opentest4j.AssertionFailedError"><![CDATA[org.opentest4j.AssertionFailedError: 
no step-definition method match found for: method <errorConfig.method>
classpath:org/skidbladnir/contracts/provider-error-handling.feature:259
]]></failure>
  </testcase>
  <testcase name="[2.8:275] qTest provider error handling - Conflict" classname="org/skidbladnir/contracts/provider-error-handling" time="0.008">
    <failure type="org.opentest4j.AssertionFailedError"><![CDATA[org.opentest4j.AssertionFailedError: 
no step-definition method match found for: method <errorConfig.method>
classpath:org/skidbladnir/contracts/provider-error-handling.feature:259
]]></failure>
  </testcase>
  <testcase name="[2.9:276] qTest provider error handling - Unprocessable Entity" classname="org/skidbladnir/contracts/provider-error-handling" time="0.009">
    <failure type="org.opentest4j.AssertionFailedError"><![CDATA[org.opentest4j.AssertionFailedError: 
no step-definition method match found for: method <errorConfig.method>
classpath:org/skidbladnir/contracts/provider-error-handling.feature:259
]]></failure>
  </testcase>
  <testcase name="[2.10:277] qTest provider error handling - Batch Operation Errors" classname="org/skidbladnir/contracts/provider-error-handling" time="0.008">
    <failure type="org.opentest4j.AssertionFailedError"><![CDATA[org.opentest4j.AssertionFailedError: 
no step-definition method match found for: method <errorConfig.method>
classpath:org/skidbladnir/contracts/provider-error-handling.feature:259
]]></failure>
  </testcase>
  <testcase name="[3:280] Sensitive information is redacted in error responses" classname="org/skidbladnir/contracts/provider-error-handling" time="0.267">
    <failure type="org.opentest4j.AssertionFailedError"><![CDATA[org.opentest4j.AssertionFailedError: 
http call failed after 224 milliseconds for url: http://localhost:8080/api/api/zephyr/auth
org.apache.http.conn.HttpHostConnectException: Connect to localhost:8080 [localhost/127.0.0.1] failed: Connection refused
classpath:org/skidbladnir/contracts/provider-error-handling.feature:284
]]></failure>
  </testcase>
  <testcase name="[4:334] Error responses include operation context information" classname="org/skidbladnir/contracts/provider-error-handling" time="0.03">
    <failure type="org.opentest4j.AssertionFailedError"><![CDATA[org.opentest4j.AssertionFailedError: 
http call failed after 2 milliseconds for url: http://localhost:8080/api/api/zephyr/test-cases/non-existent-id
org.apache.http.conn.HttpHostConnectException: Connect to localhost:8080 [localhost/127.0.0.1] failed: Connection refused
classpath:org/skidbladnir/contracts/provider-error-handling.feature:336
]]></failure>
  </testcase>
  <testcase name="[5:350] Retry mechanism handles transient errors" classname="org/skidbladnir/contracts/provider-error-handling" time="0.009">
    <failure type="org.opentest4j.AssertionFailedError"><![CDATA[org.opentest4j.AssertionFailedError: 
http call failed after 1 milliseconds for url: http://localhost:8080/api/api/zephyr/retry-test
org.apache.http.conn.HttpHostConnectException: Connect to localhost:8080 [localhost/127.0.0.1] failed: Connection refused
classpath:org/skidbladnir/contracts/provider-error-handling.feature:353
]]></failure>
  </testcase>
  <testcase name="[6:365] Rate limiting is handled consistently across providers" classname="org/skidbladnir/contracts/provider-error-handling" time="0.008">
    <failure type="org.opentest4j.AssertionFailedError"><![CDATA[org.opentest4j.AssertionFailedError: 
http call failed after 2 milliseconds for url: http://localhost:8080/api/api/zephyr/rate-limit-test
org.apache.http.conn.HttpHostConnectException: Connect to localhost:8080 [localhost/127.0.0.1] failed: Connection refused
classpath:org/skidbladnir/contracts/provider-error-handling.feature:367
]]></failure>
  </testcase>
  <testcase name="[7:379] Circuit breaker prevents cascading failures" classname="org/skidbladnir/contracts/provider-error-handling" time="0.011">
    <failure type="org.opentest4j.AssertionFailedError"><![CDATA[org.opentest4j.AssertionFailedError: 
http call failed after 2 milliseconds for url: http://localhost:8080/api/api/zephyr/circuit-breaker-test
org.apache.http.conn.HttpHostConnectException: Connect to localhost:8080 [localhost/127.0.0.1] failed: Connection refused
classpath:org/skidbladnir/contracts/provider-error-handling.feature:382
]]></failure>
  </testcase>
  <testcase name="[8:408] Error responses include stack traces in development mode only" classname="org/skidbladnir/contracts/provider-error-handling" time="0.027">
    <failure type="org.opentest4j.AssertionFailedError"><![CDATA[org.opentest4j.AssertionFailedError: 
http call failed after 1 milliseconds for url: http://localhost:8080/api/api/zephyr/simulate-server-error
org.apache.http.conn.HttpHostConnectException: Connect to localhost:8080 [localhost/127.0.0.1] failed: Connection refused
classpath:org/skidbladnir/contracts/provider-error-handling.feature:414
]]></failure>
  </testcase>
  <testcase name="[9:432] Error correlation IDs are maintained across calls" classname="org/skidbladnir/contracts/provider-error-handling" time="0.009">
    <failure type="org.opentest4j.AssertionFailedError"><![CDATA[org.opentest4j.AssertionFailedError: 
http call failed after 2 milliseconds for url: http://localhost:8080/api/api/zephyr/correlated-error
org.apache.http.conn.HttpHostConnectException: Connect to localhost:8080 [localhost/127.0.0.1] failed: Connection refused
classpath:org/skidbladnir/contracts/provider-error-handling.feature:435
]]></failure>
  </testcase>
  <testcase name="[10:449] Batch operations properly handle partial success" classname="org/skidbladnir/contracts/provider-error-handling" time="0.008">
    <failure type="org.opentest4j.AssertionFailedError"><![CDATA[org.opentest4j.AssertionFailedError: 
http call failed after 2 milliseconds for url: http://localhost:8080/api/api/zephyr/test-cases/batch-partial
org.apache.http.conn.HttpHostConnectException: Connect to localhost:8080 [localhost/127.0.0.1] failed: Connection refused
classpath:org/skidbladnir/contracts/provider-error-handling.feature:459
]]></failure>
  </testcase>
  <testcase name="[11:484] Provider-specific error codes are normalized to standard error codes" classname="org/skidbladnir/contracts/provider-error-handling" time="0.008">
    <failure type="org.opentest4j.AssertionFailedError"><![CDATA[org.opentest4j.AssertionFailedError: 
http call failed after 1 milliseconds for url: http://localhost:8080/api/api/zephyr/provider-specific-error
org.apache.http.conn.HttpHostConnectException: Connect to localhost:8080 [localhost/127.0.0.1] failed: Connection refused
classpath:org/skidbladnir/contracts/provider-error-handling.feature:487
]]></failure>
  </testcase>
  <testcase name="[12:513] Fallback mechanism is triggered when primary operation fails" classname="org/skidbladnir/contracts/provider-error-handling" time="1.758">
    <failure type="org.opentest4j.AssertionFailedError"><![CDATA[org.opentest4j.AssertionFailedError: 
http call failed after 1 milliseconds for url: http://localhost:8080/api/api/zephyr/with-fallback
org.apache.http.conn.HttpHostConnectException: Connect to localhost:8080 [localhost/127.0.0.1] failed: Connection refused
classpath:org/skidbladnir/contracts/provider-error-handling.feature:515
]]></failure>
    <system-out><![CDATA[---------------------------------------------------------
feature: classpath:org/skidbladnir/contracts/provider-error-handling.feature
scenarios: 30 | passed:  0 | failed: 30 | time: 0.4754
---------------------------------------------------------

Karate version: 1.4.1
======================================================
elapsed:   3.22 | threads:    1 | thread time: 0.48 
features:     1 | skipped:    0 | efficiency: 0.15
scenarios:   30 | passed:     0 | failed: 30
======================================================
>>> failed features:
no step-definition method match found for: method <errorConfig.method>
classpath:org/skidbladnir/contracts/provider-error-handling.feature:232
no step-definition method match found for: method <errorConfig.method>
classpath:org/skidbladnir/contracts/provider-error-handling.feature:232
no step-definition method match found for: method <errorConfig.method>
classpath:org/skidbladnir/contracts/provider-error-handling.feature:232
no step-definition method match found for: method <errorConfig.method>
classpath:org/skidbladnir/contracts/provider-error-handling.feature:232
no step-definition method match found for: method <errorConfig.method>
classpath:org/skidbladnir/contracts/provider-error-handling.feature:232
no step-definition method match found for: method <errorConfig.method>
classpath:org/skidbladnir/contracts/provider-error-handling.feature:232
no step-definition method match found for: method <errorConfig.method>
classpath:org/skidbladnir/contracts/provider-error-handling.feature:232
no step-definition method match found for: method <errorConfig.method>
classpath:org/skidbladnir/contracts/provider-error-handling.feature:232
no step-definition method match found for: method <errorConfig.method>
classpath:org/skidbladnir/contracts/provider-error-handling.feature:232
no step-definition method match found for: method <errorConfig.method>
classpath:org/skidbladnir/contracts/provider-error-handling.feature:232
no step-definition method match found for: method <errorConfig.method>
classpath:org/skidbladnir/contracts/provider-error-handling.feature:259
no step-definition method match found for: method <errorConfig.method>
classpath:org/skidbladnir/contracts/provider-error-handling.feature:259
no step-definition method match found for: method <errorConfig.method>
classpath:org/skidbladnir/contracts/provider-error-handling.feature:259
no step-definition method match found for: method <errorConfig.method>
classpath:org/skidbladnir/contracts/provider-error-handling.feature:259
no step-definition method match found for: method <errorConfig.method>
classpath:org/skidbladnir/contracts/provider-error-handling.feature:259
no step-definition method match found for: method <errorConfig.method>
classpath:org/skidbladnir/contracts/provider-error-handling.feature:259
no step-definition method match found for: method <errorConfig.method>
classpath:org/skidbladnir/contracts/provider-error-handling.feature:259
no step-definition method match found for: method <errorConfig.method>
classpath:org/skidbladnir/contracts/provider-error-handling.feature:259
no step-definition method match found for: method <errorConfig.method>
classpath:org/skidbladnir/contracts/provider-error-handling.feature:259
no step-definition method match found for: method <errorConfig.method>
classpath:org/skidbladnir/contracts/provider-error-handling.feature:259
http call failed after 224 milliseconds for url: http://localhost:8080/api/api/zephyr/auth
org.apache.http.conn.HttpHostConnectException: Connect to localhost:8080 [localhost/127.0.0.1] failed: Connection refused
classpath:org/skidbladnir/contracts/provider-error-handling.feature:284
http call failed after 2 milliseconds for url: http://localhost:8080/api/api/zephyr/test-cases/non-existent-id
org.apache.http.conn.HttpHostConnectException: Connect to localhost:8080 [localhost/127.0.0.1] failed: Connection refused
classpath:org/skidbladnir/contracts/provider-error-handling.feature:336
http call failed after 1 milliseconds for url: http://localhost:8080/api/api/zephyr/retry-test
org.apache.http.conn.HttpHostConnectException: Connect to localhost:8080 [localhost/127.0.0.1] failed: Connection refused
classpath:org/skidbladnir/contracts/provider-error-handling.feature:353
http call failed after 2 milliseconds for url: http://localhost:8080/api/api/zephyr/rate-limit-test
org.apache.http.conn.HttpHostConnectException: Connect to localhost:8080 [localhost/127.0.0.1] failed: Connection refused
classpath:org/skidbladnir/contracts/provider-error-handling.feature:367
http call failed after 2 milliseconds for url: http://localhost:8080/api/api/zephyr/circuit-breaker-test
org.apache.http.conn.HttpHostConnectException: Connect to localhost:8080 [localhost/127.0.0.1] failed: Connection refused
classpath:org/skidbladnir/contracts/provider-error-handling.feature:382
http call failed after 1 milliseconds for url: http://localhost:8080/api/api/zephyr/simulate-server-error
org.apache.http.conn.HttpHostConnectException: Connect to localhost:8080 [localhost/127.0.0.1] failed: Connection refused
classpath:org/skidbladnir/contracts/provider-error-handling.feature:414
http call failed after 2 milliseconds for url: http://localhost:8080/api/api/zephyr/correlated-error
org.apache.http.conn.HttpHostConnectException: Connect to localhost:8080 [localhost/127.0.0.1] failed: Connection refused
classpath:org/skidbladnir/contracts/provider-error-handling.feature:435
http call failed after 2 milliseconds for url: http://localhost:8080/api/api/zephyr/test-cases/batch-partial
org.apache.http.conn.HttpHostConnectException: Connect to localhost:8080 [localhost/127.0.0.1] failed: Connection refused
classpath:org/skidbladnir/contracts/provider-error-handling.feature:459
http call failed after 1 milliseconds for url: http://localhost:8080/api/api/zephyr/provider-specific-error
org.apache.http.conn.HttpHostConnectException: Connect to localhost:8080 [localhost/127.0.0.1] failed: Connection refused
classpath:org/skidbladnir/contracts/provider-error-handling.feature:487
http call failed after 1 milliseconds for url: http://localhost:8080/api/api/zephyr/with-fallback
org.apache.http.conn.HttpHostConnectException: Connect to localhost:8080 [localhost/127.0.0.1] failed: Connection refused
classpath:org/skidbladnir/contracts/provider-error-handling.feature:515
<<<

HTML report: (paste into browser to view) | Karate version: 1.4.1
file:///home/emumford/NativeLinuxProjects/Skidbladnir/tests/api-integration/target/karate-reports/karate-summary.html
===================================================================

]]></system-out>
  </testcase>
</testsuite>